$ next dev --turbopack
   ▲ Next.js 15.5.6 (Turbopack)
   - Local:        http://localhost:3000
   - Network:      http://169.254.0.21:3000

 ✓ Starting...
Attention: Next.js now collects completely anonymous telemetry regarding usage.
This information is used to shape Next.js' roadmap and prioritize features.
You can learn more, including how to opt-out if you'd not like to participate in this anonymous program, by visiting the following URL:
https://nextjs.org/telemetry

 ✓ Ready in 1713ms
   Reload env: .env
   Reload env: .env.local
 ○ Compiling / ...
 ✓ Compiled / in 5.1s
 ⨯ ./app/page.tsx:33:25
Ecmascript file had an error
[0m [90m 31 |[39m ]
 [90m 32 |[39m
[31m[1m>[22m[39m[90m 33 |[39m [36mexport[39m [36mdefault[39m [36mfunction[39m [33mHome[39m() {
 [90m    |[39m                         [31m[1m^[22m[39m[31m[1m^[22m[39m[31m[1m^[22m[39m[31m[1m^[22m[39m
 [90m 34 |[39m   [90m// Form state management[39m
 [90m 35 |[39m   [36mconst[39m [selectedService[33m,[39m setSelectedService] [33m=[39m useState[33m<[39m[33mstring[39m[33m>[39m([32m''[39m)
 [90m 36 |[39m   [36mconst[39m [formData[33m,[39m setFormData] [33m=[39m useState({[0m

the name `Home` is defined multiple times

Import traces:
  Client Component Browser:
    ./app/page.tsx [Client Component Browser]
    ./app/page.tsx [Server Component]

  Client Component SSR:
    ./app/page.tsx [Client Component SSR]
    ./app/page.tsx [Server Component]


 ⨯ ./app/page.tsx:33:25
Ecmascript file had an error
[0m [90m 31 |[39m ]
 [90m 32 |[39m
[31m[1m>[22m[39m[90m 33 |[39m [36mexport[39m [36mdefault[39m [36mfunction[39m [33mHome[39m() {
 [90m    |[39m                         [31m[1m^[22m[39m[31m[1m^[22m[39m[31m[1m^[22m[39m[31m[1m^[22m[39m
 [90m 34 |[39m   [90m// Form state management[39m
 [90m 35 |[39m   [36mconst[39m [selectedService[33m,[39m setSelectedService] [33m=[39m useState[33m<[39m[33mstring[39m[33m>[39m([32m''[39m)
 [90m 36 |[39m   [36mconst[39m [formData[33m,[39m setFormData] [33m=[39m useState({[0m

the name `Home` is defined multiple times

Import traces:
  Client Component Browser:
    ./app/page.tsx [Client Component Browser]
    ./app/page.tsx [Server Component]

  Client Component SSR:
    ./app/page.tsx [Client Component SSR]
    ./app/page.tsx [Server Component]


 ○ Compiling /_error ...
 ✓ Compiled /_error in 2.2s
 GET / 500 in 5401ms
 GET / 500 in 7562ms
 ⚠ Cross origin request detected from chilly-showers-spend.lindy.site to /_next/* resource. In a future major version of Next.js, you will need to explicitly configure "allowedDevOrigins" in next.config to allow this.
Read more: https://nextjs.org/docs/app/api-reference/config/next-config-js/allowedDevOrigins
 ○ Compiling /favicon.ico ...
 ✓ Compiled /favicon.ico in 697ms
 GET /favicon.ico 500 in 724ms
 ✓ Compiled in 192ms
 ✓ Compiled / in 33ms
 GET / 200 in 671ms
 GET / 200 in 384ms
 GET /favicon.ico?favicon.bf3c9292.ico 200 in 374ms
 ✓ Compiled in 183ms
 GET / 200 in 198ms
 GET / 200 in 178ms
 GET / 200 in 121ms
 GET / 200 in 104ms
 GET / 200 in 101ms
 GET / 200 in 182ms
 GET / 200 in 141ms
 GET / 200 in 102ms
 GET / 200 in 107ms
 ✓ Compiled in 169ms
 ✓ Compiled in 184ms
 GET / 200 in 194ms
 GET / 200 in 133ms
 GET / 200 in 160ms
 GET / 200 in 124ms
 GET / 200 in 88ms
 GET / 200 in 103ms
 ✓ Compiled in 161ms
 GET / 200 in 172ms
 GET / 200 in 145ms
 GET / 200 in 107ms
 GET / 200 in 100ms
 ✓ Compiled in 136ms
 GET / 200 in 445ms
 GET / 200 in 332ms
 GET / 200 in 271ms
 GET / 200 in 1114ms
 GET / 200 in 2094ms
 GET / 200 in 199ms
 GET / 200 in 173ms
 GET / 200 in 464ms
 GET / 200 in 559ms
 GET / 200 in 276ms
 ⨯ [Error: ENOENT: no such file or directory, open '/home/code/booking-system/.next/static/development/_buildManifest.js.tmp.65xzpgpao36'] {
  errno: -2,
  code: 'ENOENT',
  syscall: 'open',
  path: '/home/code/booking-system/.next/static/development/_buildManifest.js.tmp.65xzpgpao36'
}
 ⨯ [Error: ENOENT: no such file or directory, open '/home/code/booking-system/.next/static/development/_buildManifest.js.tmp.5c5fdopvn1k'] {
  errno: -2,
  code: 'ENOENT',
  syscall: 'open',
  path: '/home/code/booking-system/.next/static/development/_buildManifest.js.tmp.5c5fdopvn1k'
}
[Error: ENOENT: no such file or directory, open '/home/code/booking-system/.next/static/development/_buildManifest.js.tmp.65xzpgpao36'] {
  errno: -2,
  code: 'ENOENT',
  syscall: 'open',
  path: '/home/code/booking-system/.next/static/development/_buildManifest.js.tmp.65xzpgpao36'
}
 ⨯ [Error: ENOENT: no such file or directory, open '/home/code/booking-system/.next/static/development/_buildManifest.js.tmp.idvx0esnjg'] {
  errno: -2,
  code: 'ENOENT',
  syscall: 'open',
  path: '/home/code/booking-system/.next/static/development/_buildManifest.js.tmp.idvx0esnjg'
}
[Error: ENOENT: no such file or directory, open '/home/code/booking-system/.next/static/development/_buildManifest.js.tmp.8uobfcqqm43'] {
  errno: -2,
  code: 'ENOENT',
  syscall: 'open',
  path: '/home/code/booking-system/.next/static/development/_buildManifest.js.tmp.8uobfcqqm43'
}

-----
[1m[31mFATAL[39m[0m: An unexpected Turbopack error occurred. A panic log has been written to /tmp/next-panic-2378c998063b7fb09de68e6cff75aefc.log.

To help make Turbopack better, report this error by clicking here: https://github.com/vercel/next.js/discussions/new?category=turbopack-error-report&title=Turbopack%20Error%3A%20Next.js%20package%20not%20found&body=Turbopack%20version%3A%20%6057992a6e%60%0ANext.js%20version%3A%20%600.0.0%60%0A%0AError%20message%3A%0A%60%60%60%0ATurbopack%20Error%3A%20Next.js%20package%20not%20found%0A%60%60%60&labels=Turbopack,Turbopack%20Panic%20Backtrace
-----

Error [TurbopackInternalError]: Next.js package not found

Debug info:
- Execution of get_entrypoints_with_issues_operation failed
- Execution of EntrypointsOperation::new failed
- Execution of Project::entrypoints failed
- Execution of AppProject::routes failed
- Execution of directory_tree_to_entrypoints_internal failed
- Execution of directory_tree_to_loader_tree failed
- Execution of get_next_package failed
- Next.js package not found
    at <unknown> (TurbopackInternalError: Next.js package not found) {
  location: undefined
}
[?25h
